  429 at offset 0, retry in 2s
  429 at offset 0, retry in 4s
  429 at offset 0, retry in 8s
  429 at offset 0, retry in 16s
Traceback (most recent call last):
  File "/home/nvidia/nvidia-learn/articles/pgvector-on-spark/evidence/fetch_corpus.py", line 83, in <module>
    main()
  File "/home/nvidia/nvidia-learn/articles/pgvector-on-spark/evidence/fetch_corpus.py", line 54, in main
    obj = fetch(offset, PAGE)
          ^^^^^^^^^^^^^^^^^^^
  File "/home/nvidia/nvidia-learn/articles/pgvector-on-spark/evidence/fetch_corpus.py", line 36, in fetch
    with urllib.request.urlopen(url, timeout=30) as r:
         ^^^^^^^^^^^^^^^^^^^^^^^^^^^^^^^^^^^^^^^
  File "/usr/lib/python3.12/urllib/request.py", line 215, in urlopen
    return opener.open(url, data, timeout)
           ^^^^^^^^^^^^^^^^^^^^^^^^^^^^^^^
  File "/usr/lib/python3.12/urllib/request.py", line 521, in open
    response = meth(req, response)
               ^^^^^^^^^^^^^^^^^^^
  File "/usr/lib/python3.12/urllib/request.py", line 630, in http_response
    response = self.parent.error(
               ^^^^^^^^^^^^^^^^^^
  File "/usr/lib/python3.12/urllib/request.py", line 559, in error
    return self._call_chain(*args)
           ^^^^^^^^^^^^^^^^^^^^^^^
  File "/usr/lib/python3.12/urllib/request.py", line 492, in _call_chain
    result = func(*args)
             ^^^^^^^^^^^
  File "/usr/lib/python3.12/urllib/request.py", line 639, in http_error_default
    raise HTTPError(req.full_url, code, msg, hdrs, fp)
urllib.error.HTTPError: HTTP Error 429: Too Many Requests
